<?xml version="1.0" encoding="UTF-8"?>
<!-- Generated by org.testng.reporters.JUnitReportReporter -->
<testsuite hostname="LAPTOP-4PIP6EC5" failures="0" tests="2" name="TestNGDataProvider.dataProviderTest" time="101.019" errors="0" timestamp="2021-08-23T17:54:36 IST" skipped="0">
  <testcase classname="TestNGDataProvider.dataProviderTest" name="facebookSignupTest" time="85.130"/>
  <system-out/>
  <testcase classname="TestNGDataProvider.dataProviderTest" name="facebookSignupTest" time="15.889"/>
  <system-out/>
</testsuite> <!-- TestNGDataProvider.dataProviderTest -->
